2022-05-30T07:47:21.563Z - normal: Load ~/.CocosCreator/settings.json
2022-05-30T07:47:21.674Z - normal: Initializing Asset Database
2022-05-30T07:47:21.690Z - normal: checking language setting...
2022-05-30T07:47:21.690Z - normal: Language: zh
2022-05-30T07:47:23.980Z - success: protocol editor-framework registered
2022-05-30T07:47:23.980Z - success: protocol app registered
2022-05-30T07:47:23.980Z - success: protocol theme registered
2022-05-30T07:47:23.980Z - success: protocol packages registered
2022-05-30T07:47:23.980Z - success: protocol uuid registerred
2022-05-30T07:47:23.980Z - success: protocol db registerred
2022-05-30T07:47:23.980Z - success: protocol thumbnail registerred
2022-05-30T07:47:23.980Z - success: protocol unpack registerred
2022-05-30T07:47:23.980Z - success: protocol disable-commonjs registerred
2022-05-30T07:47:24.069Z - normal: connected!
2022-05-30T07:47:24.070Z - normal: Check project D:\CocosCreatorProjects\ethgame-demo-master\ethgame-demo\CallE
2022-05-30T07:47:24.071Z - normal: Initializing project D:\CocosCreatorProjects\ethgame-demo-master\ethgame-demo\CallE
2022-05-30T07:47:25.163Z - success: adapters loaded
2022-05-30T07:47:25.166Z - success: asset-db-debugger loaded
2022-05-30T07:47:25.288Z - success: fb-audience-network loaded
2022-05-30T07:47:25.347Z - success: fb-live-stream loaded
2022-05-30T07:47:25.349Z - success: google-play-instant loaded
2022-05-30T07:47:25.350Z - success: jsb-adapter loaded
2022-05-30T07:47:25.352Z - success: package-manager loaded
2022-05-30T07:47:25.352Z - success: runtime-adapters loaded
2022-05-30T07:47:25.369Z - success: runtime-dev-tools loaded
2022-05-30T07:47:25.372Z - success: ui-kit-preview-extra loaded
2022-05-30T07:47:25.374Z - success: ui-kit-preview loaded
2022-05-30T07:47:25.629Z - success: alipay-minigame loaded
2022-05-30T07:47:25.664Z - success: assets loaded
2022-05-30T07:47:25.666Z - success: baidugame-opendata loaded
2022-05-30T07:47:25.667Z - success: baidugame loaded
2022-05-30T07:47:25.677Z - success: builder loaded
2022-05-30T07:47:25.679Z - success: bytedance-opendata loaded
2022-05-30T07:47:25.680Z - success: bytedance loaded
2022-05-30T07:47:25.681Z - success: channel-upload-tools loaded
2022-05-30T07:47:25.697Z - success: cloud-function loaded
2022-05-30T07:47:26.074Z - success: cocos-services loaded
2022-05-30T07:47:26.076Z - success: console loaded
2022-05-30T07:47:26.077Z - success: curve-editor loaded
2022-05-30T07:47:26.085Z - success: fb-instant-games loaded
2022-05-30T07:47:26.087Z - success: game-window loaded
2022-05-30T07:47:26.088Z - success: google-instant-games loaded
2022-05-30T07:47:26.100Z - success: hierarchy loaded
2022-05-30T07:47:26.102Z - success: huawei-agc loaded
2022-05-30T07:47:26.104Z - success: huawei-runtime loaded
2022-05-30T07:47:26.117Z - success: inspector loaded
2022-05-30T07:47:26.127Z - success: cpk-publish loaded
2022-05-30T07:47:26.127Z - success: keystore loaded
2022-05-30T07:47:26.139Z - success: link-sure-runtime loaded
2022-05-30T07:47:26.145Z - success: node-library loaded
2022-05-30T07:47:26.146Z - success: open-recent-items loaded
2022-05-30T07:47:26.148Z - success: oppo-runtime loaded
2022-05-30T07:47:26.149Z - success: package-asset loaded
2022-05-30T07:47:26.150Z - success: preferences loaded
2022-05-30T07:47:26.163Z - success: project-importer loaded
2022-05-30T07:47:26.163Z - success: project-settings loaded
2022-05-30T07:47:26.174Z - success: qtt-runtime loaded
2022-05-30T07:47:26.176Z - success: scene loaded
2022-05-30T07:47:26.176Z - success: simulator-debugger loaded
2022-05-30T07:47:26.177Z - success: sprite-editor loaded
2022-05-30T07:47:26.321Z - success: store loaded
2022-05-30T07:47:26.322Z - success: timeline loaded
2022-05-30T07:47:26.326Z - success: vivo-runtime loaded
2022-05-30T07:47:26.327Z - success: wechatgame-opendata loaded
2022-05-30T07:47:26.330Z - success: wechatgame loaded
2022-05-30T07:47:26.333Z - success: xiaomi-runtime loaded
2022-05-30T07:47:26.377Z - success: im-plugin loaded
2022-05-30T07:47:26.380Z - success: preview server running at http://localhost:7456
2022-05-30T07:47:27.566Z - info: Cocos Service load base data!
2022-05-30T07:47:27.998Z - normal: Initializing Cocos2d
2022-05-30T07:47:28.602Z - normal: Initializing engine extends
2022-05-30T07:47:31.883Z - warn: [db-task][init] Backup unused meta file: db://assets/Script/Robot.meta
2022-05-30T07:47:35.747Z - normal: Loading packages
2022-05-30T07:47:35.752Z - normal: Watching packages
2022-05-30T07:47:35.792Z - normal: Run Application
2022-05-30T07:47:40.641Z - warn: The 'default' attribute of 'RobotInforCtrl.ndInts' must be an array
2022-05-30T07:50:06.369Z - info: shutdown preview server
